{
  "RSpec": {
    "coverage": {
      "/Users/narayanrai/Desktop/expungement-server/spec/support/helpers.rb": [
        null,
        1,
        1,
        1,
        null
      ],
      "/Users/narayanrai/Desktop/expungement-server/spec/support/helpers/session_helpers.rb": [
        1,
        1,
        1,
        0,
        0,
        0,
        0,
        0,
        null,
        null,
        1,
        0,
        0,
        0,
        0,
        null,
        null,
        null
      ],
      "/Users/narayanrai/Desktop/expungement-server/spec/support/request_spec_helper.rb": [
        1,
        null,
        1,
        8,
        null,
        null
      ],
      "/Users/narayanrai/Desktop/expungement-server/app/models/offense.rb": [
        1,
        null,
        1,
        29,
        29,
        29,
        29,
        29,
        null,
        29,
        29,
        29,
        29,
        29,
        29,
        29,
        29,
        29,
        29,
        29,
        29,
        29,
        null,
        null,
        null
      ],
      "/Users/narayanrai/Desktop/expungement-server/app/controllers/api/v1/offenses_controller.rb": [
        1,
        1,
        1,
        5,
        5,
        3,
        3,
        2,
        1,
        null,
        1,
        null,
        1,
        0,
        null,
        1,
        null,
        0,
        0,
        0,
        null,
        0,
        null,
        0,
        0,
        null,
        0,
        0,
        null,
        null,
        null,
        null,
        5,
        29,
        null,
        null,
        5,
        null,
        null,
        1,
        null,
        1,
        5,
        5,
        5,
        5,
        5,
        null,
        null,
        null
      ],
      "/Users/narayanrai/Desktop/expungement-server/app/controllers/application_controller.rb": [
        1,
        1,
        1,
        null
      ],
      "/Users/narayanrai/Desktop/expungement-server/app/controllers/concerns/response.rb": [
        1,
        1,
        0,
        null,
        null
      ],
      "/Users/narayanrai/Desktop/expungement-server/app/controllers/concerns/exception_handler.rb": [
        1,
        null,
        1,
        null,
        1,
        1,
        0,
        null,
        null,
        1,
        0,
        null,
        null,
        null
      ]
    },
    "timestamp": 1559149498
  }
}
