{
  "RSpec": {
    "coverage": {
      "/home/ubuntu/workspace/expungement-server/spec/support/helpers.rb": [
        null,
        1,
        1,
        1,
        null
      ],
      "/home/ubuntu/workspace/expungement-server/spec/support/helpers/session_helpers.rb": [
        1,
        1,
        1,
        0,
        0,
        0,
        0,
        0,
        null,
        null,
        1,
        0,
        0,
        0,
        0,
        null,
        null,
        null
      ],
      "/home/ubuntu/workspace/expungement-server/spec/support/request_spec_helper.rb": [
        1,
        null,
        1,
        8,
        null,
        null
      ],
      "/home/ubuntu/workspace/expungement-server/app/controllers/api/v1/offenses_controller.rb": [
        1,
        1,
        1,
        8,
        8,
        6,
        6,
        4,
        2,
        null,
        2,
        null,
        2,
        0,
        null,
        2,
        null,
        0,
        0,
        0,
        null,
        0,
        null,
        0,
        0,
        null,
        0,
        0,
        null,
        null,
        null,
        null,
        8,
        34,
        null,
        null,
        8,
        null,
        null,
        1,
        null,
        1,
        8,
        8,
        8,
        8,
        8,
        null,
        null,
        null
      ],
      "/home/ubuntu/workspace/expungement-server/app/controllers/application_controller.rb": [
        1,
        1,
        1,
        null
      ],
      "/home/ubuntu/workspace/expungement-server/app/controllers/concerns/response.rb": [
        1,
        1,
        0,
        null,
        null
      ],
      "/home/ubuntu/workspace/expungement-server/app/controllers/concerns/exception_handler.rb": [
        1,
        null,
        1,
        null,
        1,
        1,
        0,
        null,
        null,
        1,
        0,
        null,
        null,
        null
      ],
      "/home/ubuntu/workspace/expungement-server/spec/controllers/offense_imports_controller_spec.rb": [
        1,
        null,
        1,
        null,
        1,
        1,
        1,
        1,
        null,
        null,
        null,
        1,
        1,
        1,
        0,
        null,
        null,
        null,
        null
      ],
      "/home/ubuntu/workspace/expungement-server/app/controllers/offense_imports_controller.rb": [
        1,
        1,
        1,
        null,
        null,
        1,
        1,
        0,
        0,
        0,
        0,
        0,
        null,
        0,
        null,
        null,
        1,
        1,
        null,
        null,
        null,
        1,
        null,
        1,
        0,
        null,
        null
      ],
      "/home/ubuntu/workspace/expungement-server/spec/controllers/offenses_controller_spec.rb": [
        1,
        null,
        1,
        null,
        1,
        1,
        1,
        1,
        null,
        null,
        null,
        null
      ],
      "/home/ubuntu/workspace/expungement-server/app/controllers/offenses_controller.rb": [
        1,
        1,
        null,
        1,
        0,
        null,
        1,
        0,
        0,
        0,
        0,
        0,
        null,
        null,
        null,
        null,
        null,
        null,
        null
      ],
      "/home/ubuntu/workspace/expungement-server/spec/features/admin_spec.rb": [
        null,
        null,
        1,
        null,
        1,
        1,
        null,
        1,
        1,
        null,
        null,
        null,
        1,
        1,
        1,
        1,
        1,
        0,
        0,
        0,
        0,
        0,
        0,
        0,
        0,
        0,
        null,
        null,
        null
      ],
      "/home/ubuntu/workspace/expungement-server/spec/helpers/api/v1/offenses_helper_spec.rb": [
        1,
        null,
        null,
        null,
        null,
        null,
        null,
        null,
        null,
        null,
        null,
        null,
        1,
        1,
        null
      ],
      "/home/ubuntu/workspace/expungement-server/spec/helpers/offense_imports_helper_spec.rb": [
        1,
        null,
        null,
        null,
        null,
        null,
        null,
        null,
        null,
        null,
        null,
        null,
        1,
        1,
        null
      ],
      "/home/ubuntu/workspace/expungement-server/spec/helpers/offenses_helper_spec.rb": [
        1,
        null,
        null,
        null,
        null,
        null,
        null,
        null,
        null,
        null,
        null,
        null,
        1,
        1,
        null
      ],
      "/home/ubuntu/workspace/expungement-server/spec/models/admin_spec.rb": [
        1,
        null,
        1,
        1,
        null
      ],
      "/home/ubuntu/workspace/expungement-server/spec/models/offense_spec.rb": [
        1,
        null,
        1,
        1,
        null
      ],
      "/home/ubuntu/workspace/expungement-server/app/models/offense.rb": [
        1,
        null,
        1,
        34,
        34,
        34,
        34,
        34,
        null,
        34,
        34,
        34,
        34,
        34,
        34,
        34,
        34,
        34,
        34,
        34,
        34,
        34,
        null,
        null,
        null
      ],
      "/home/ubuntu/workspace/expungement-server/spec/requests/offenses_api_spec.rb": [
        1,
        null,
        1,
        9,
        9,
        9,
        null,
        1,
        null,
        3,
        null,
        1,
        1,
        1,
        null,
        null,
        1,
        1,
        null,
        null,
        null,
        1,
        3,
        null,
        1,
        1,
        1,
        null,
        null,
        1,
        1,
        null,
        null,
        null,
        1,
        3,
        null,
        1,
        1,
        1,
        null,
        null,
        1,
        1,
        null,
        null,
        null,
        1,
        3,
        null,
        1,
        1,
        1,
        null,
        null,
        1,
        1,
        null,
        null,
        null
      ],
      "/home/ubuntu/workspace/expungement-server/spec/views/api/v1/offenses/search.html.erb_spec.rb": [
        1,
        null,
        1,
        1,
        null
      ],
      "/home/ubuntu/workspace/expungement-server/spec/views/offense_imports/new.html.erb_spec.rb": [
        1,
        null,
        1,
        1,
        null
      ],
      "/home/ubuntu/workspace/expungement-server/spec/views/offenses/index.html.erb_spec.rb": [
        1,
        null,
        1,
        1,
        null
      ],
      "/home/ubuntu/workspace/expungement-server/app/models/offense_import.rb": [
        1,
        1,
        1,
        null,
        1,
        null,
        1,
        null,
        1,
        1,
        null,
        null,
        1,
        0,
        null,
        null,
        1,
        0,
        0,
        0,
        0,
        0,
        0,
        null,
        null,
        null,
        1,
        0,
        0,
        0,
        0,
        0,
        0,
        0,
        0,
        0,
        0,
        0,
        0,
        0,
        0,
        0,
        0,
        0,
        0,
        0,
        0,
        0,
        0,
        0,
        0,
        0,
        0,
        0,
        0,
        0,
        null,
        null,
        null,
        1,
        0,
        null,
        null,
        1,
        0,
        0,
        0,
        0,
        null,
        0,
        0,
        0,
        null,
        null,
        0,
        null,
        null,
        null,
        null
      ]
    },
    "timestamp": 1559321686
  }
}
